<?xml version="1.0" encoding="UTF-8"?>
<!-- Generated by org.testng.reporters.JUnitReportReporter -->
<testsuite hostname="saminas-Air.hitronhub.home" name="samina.example.spring.SpringBootHelloWorldTests" tests="1" failures="0" timestamp="11 Apr 2019 03:40:53 GMT" time="0.494" errors="0">
  <testcase name="testEmployee" time="0.494" classname="samina.example.spring.SpringBootHelloWorldTests"/>
</testsuite> <!-- samina.example.spring.SpringBootHelloWorldTests -->
